<?xml version="1.0" encoding="utf-8"?><testsuites name="pytest tests"><testsuite name="pytest" errors="0" failures="0" skipped="0" tests="8" time="1.321" timestamp="2026-05-01T09:36:01.895175+00:00" hostname="agent-env-4e7a2dc1-5ae5-47fc-8648-2247a05b3e27"><testcase classname="backend.tests.test_backend.TestHealth" name="test_api_root_live" time="0.271" /><testcase classname="backend.tests.test_backend.TestContactCreate" name="test_create_contact_valid" time="0.163" /><testcase classname="backend.tests.test_backend.TestContactCreate" name="test_create_contact_minimal_no_subject" time="0.103" /><testcase classname="backend.tests.test_backend.TestContactCreate" name="test_create_contact_invalid_email" time="0.101" /><testcase classname="backend.tests.test_backend.TestContactCreate" name="test_create_contact_missing_name" time="0.131" /><testcase classname="backend.tests.test_backend.TestContactCreate" name="test_create_contact_empty_message" time="0.136" /><testcase classname="backend.tests.test_backend.TestContactCreate" name="test_create_contact_empty_name" time="0.105" /><testcase classname="backend.tests.test_backend.TestContactList" name="test_list_contains_new_submission_sorted_desc" time="0.177" /></testsuite></testsuites>